<?xml version="1.0" encoding="UTF-8"?>
<!-- Generated by org.testng.reporters.JUnitReportReporter -->
<testsuite hostname="DESKTOP-89C6F2A" failures="0" tests="1" name="testClass.FlightBooking" time="2.580" errors="0" timestamp="27 Dec 2023 00:52:18 GMT" skipped="0">
  <testcase classname="testClass.FlightBooking" name="BookFlight" time="2.580"/>
</testsuite> <!-- testClass.FlightBooking -->
